<?xml version="1.0" encoding="UTF-8"?>
<testsuite xmlns:xsi="http://www.w3.org/2001/XMLSchema-instance" xsi:noNamespaceSchemaLocation="https://maven.apache.org/surefire/maven-surefire-plugin/xsd/surefire-test-report.xsd" name="com.TestRunner.Registration.TestRunner_Registration" time="107.323" tests="18" errors="0" skipped="0" failures="0">
  <properties>
[...]
</properties>
  <testcase name="I am on Register page" classname="&apos;Given Name&apos; is mandatory for registration" time="9.095"/>
  <testcase name="I keep field Given Name blank" classname="&apos;Given Name&apos; is mandatory for registration" time="10.926"/>
  <testcase name="I enter all other details" classname="&apos;Given Name&apos; is mandatory for registration" time="0"/>
  <testcase name="I click on Next" classname="&apos;Given Name&apos; is mandatory for registration" time="0.831"/>
  <testcase name="I get valid error message for Given Name" classname="&apos;Given Name&apos; is mandatory for registration" time="0.027"/>
  <testcase name="&apos;Given Name&apos; is mandatory for registration" classname="&apos;Given Name&apos; is mandatory for registration" time="0.752"/>
  <testcase name="I am on Register page" classname="&apos;Family Name&apos; is mandatory for registration" time="8.036"/>
  <testcase name="I keep field Family Name blank" classname="&apos;Family Name&apos; is mandatory for registration" time="10.053"/>
  <testcase name="I enter all other details" classname="&apos;Family Name&apos; is mandatory for registration" time="0"/>
  <testcase name="I click on Next" classname="&apos;Family Name&apos; is mandatory for registration" time="0.722"/>
  <testcase name="I get valid error message for Family Name" classname="&apos;Family Name&apos; is mandatory for registration" time="0.034"/>
  <testcase name="&apos;Family Name&apos; is mandatory for registration" classname="&apos;Family Name&apos; is mandatory for registration" time="0.343"/>
  <testcase name="I am on Register page" classname="&apos;Gender&apos; is mandatory for registration" time="8.31"/>
  <testcase name="I do not select value in dropdown Gender" classname="&apos;Gender&apos; is mandatory for registration" time="10.054"/>
  <testcase name="I enter all other details" classname="&apos;Gender&apos; is mandatory for registration" time="0"/>
  <testcase name="I click on Next" classname="&apos;Gender&apos; is mandatory for registration" time="0.732"/>
  <testcase name="I get valid error message for Gender" classname="&apos;Gender&apos; is mandatory for registration" time="0.029"/>
  <testcase name="&apos;Gender&apos; is mandatory for registration" classname="&apos;Gender&apos; is mandatory for registration" time="0.289"/>
</testsuite>